#-----------------------------------------------------------
# Vivado v2018.2 (64-bit)
# SW Build 2258646 on Thu Jun 14 20:03:12 MDT 2018
# IP Build 2256618 on Thu Jun 14 22:10:49 MDT 2018
# Start of session at: Sun Jun 11 21:24:05 2023
# Process ID: 2040
# Current directory: C:/Users/Indu/Downloads/Lab 9-10
# Command line: vivado.exe -gui_launcher_event rodinguilauncherevent26416 C:\Users\Indu\Downloads\Lab 9-10\Lab 9-10.xpr
# Log file: C:/Users/Indu/Downloads/Lab 9-10/vivado.log
# Journal file: C:/Users/Indu/Downloads/Lab 9-10\vivado.jou
#-----------------------------------------------------------
start_gui
open_project {C:/Users/Indu/Downloads/Lab 9-10/Lab 9-10.xpr}
Scanning sources...
Finished scanning sources
INFO: [IP_Flow 19-234] Refreshing IP repositories
INFO: [IP_Flow 19-1704] No user IP repositories specified
INFO: [IP_Flow 19-2313] Loaded Vivado IP repository 'C:/Xilinx/Vivado/2018.2/data/ip'.
open_project: Time (s): cpu = 00:00:06 ; elapsed = 00:00:07 . Memory (MB): peak = 916.391 ; gain = 147.848
update_compile_order -fileset sources_1
launch_runs synth_1 -jobs 8
[Sun Jun 11 21:24:47 2023] Launched synth_1...
Run output will be captured here: C:/Users/Indu/Downloads/Lab 9-10/Lab 9-10.runs/synth_1/runme.log
launch_runs impl_1 -jobs 8
[Sun Jun 11 21:27:17 2023] Launched impl_1...
Run output will be captured here: C:/Users/Indu/Downloads/Lab 9-10/Lab 9-10.runs/impl_1/runme.log
launch_runs impl_1 -to_step write_bitstream -jobs 8
[Sun Jun 11 21:30:01 2023] Launched impl_1...
Run output will be captured here: C:/Users/Indu/Downloads/Lab 9-10/Lab 9-10.runs/impl_1/runme.log
open_run impl_1
INFO: [Netlist 29-17] Analyzing 10 Unisim elements for replacement
INFO: [Netlist 29-28] Unisim Transformation completed in 0 CPU seconds
INFO: [Project 1-479] Netlist was created with Vivado 2018.2
INFO: [Device 21-403] Loading part xc7a35tcpg236-1
INFO: [Project 1-570] Preparing netlist for logic optimization
INFO: [Timing 38-478] Restoring timing data from binary archive.
INFO: [Timing 38-479] Binary timing data restore complete.
INFO: [Project 1-856] Restoring constraints from binary archive.
INFO: [Project 1-853] Binary constraint restore complete.
Reading XDEF placement.
Reading placer database...
Reading XDEF routing.
Read XDEF File: Time (s): cpu = 00:00:00 ; elapsed = 00:00:00.054 . Memory (MB): peak = 1748.340 ; gain = 0.000
Restored from archive | CPU: 0.000000 secs | Memory: 0.000000 MB |
Finished XDEF File Restore: Time (s): cpu = 00:00:00 ; elapsed = 00:00:00.055 . Memory (MB): peak = 1748.340 ; gain = 0.000
INFO: [Project 1-111] Unisim Transformation Summary:
No Unisim elements were transformed.

open_run: Time (s): cpu = 00:00:24 ; elapsed = 00:00:26 . Memory (MB): peak = 1883.992 ; gain = 933.508
reset_run synth_1
launch_runs synth_1 -jobs 8
[Sun Jun 11 21:33:32 2023] Launched synth_1...
Run output will be captured here: C:/Users/Indu/Downloads/Lab 9-10/Lab 9-10.runs/synth_1/runme.log
launch_runs impl_1 -jobs 8
[Sun Jun 11 21:34:22 2023] Launched impl_1...
Run output will be captured here: C:/Users/Indu/Downloads/Lab 9-10/Lab 9-10.runs/impl_1/runme.log
launch_runs impl_1 -to_step write_bitstream -jobs 8
[Sun Jun 11 21:35:49 2023] Launched impl_1...
Run output will be captured here: C:/Users/Indu/Downloads/Lab 9-10/Lab 9-10.runs/impl_1/runme.log
refresh_design
INFO: [Netlist 29-17] Analyzing 10 Unisim elements for replacement
INFO: [Netlist 29-28] Unisim Transformation completed in 0 CPU seconds
INFO: [Project 1-479] Netlist was created with Vivado 2018.2
INFO: [Project 1-570] Preparing netlist for logic optimization
INFO: [Timing 38-478] Restoring timing data from binary archive.
INFO: [Timing 38-479] Binary timing data restore complete.
INFO: [Project 1-856] Restoring constraints from binary archive.
INFO: [Project 1-853] Binary constraint restore complete.
Reading XDEF placement.
Reading placer database...
Reading XDEF routing.
Read XDEF File: Time (s): cpu = 00:00:00 ; elapsed = 00:00:00.056 . Memory (MB): peak = 1900.277 ; gain = 0.000
Restored from archive | CPU: 0.000000 secs | Memory: 0.000000 MB |
Finished XDEF File Restore: Time (s): cpu = 00:00:00 ; elapsed = 00:00:00.056 . Memory (MB): peak = 1900.277 ; gain = 0.000
file copy -force {C:/Users/Indu/Downloads/Lab 9-10/Lab 9-10.runs/impl_1/NanoProcessor.bit} {C:/Users/Indu/Downloads/Bitstream/Lab 9-10.bit}
exit
INFO: [Common 17-206] Exiting Vivado at Mon Jun 12 00:14:36 2023...
