#-----------------------------------------------------------
# Vivado v2018.2 (64-bit)
# SW Build 2258646 on Thu Jun 14 20:03:12 MDT 2018
# IP Build 2256618 on Thu Jun 14 22:10:49 MDT 2018
# Start of session at: Sun Jun 11 21:07:20 2023
# Process ID: 14276
# Current directory: C:/Users/Indu/Downloads/Lab 9-10
# Command line: vivado.exe -gui_launcher_event rodinguilauncherevent1132 C:\Users\Indu\Downloads\Lab 9-10\Lab 9-10.xpr
# Log file: C:/Users/Indu/Downloads/Lab 9-10/vivado.log
# Journal file: C:/Users/Indu/Downloads/Lab 9-10\vivado.jou
#-----------------------------------------------------------
start_gui
open_project {C:/Users/Indu/Downloads/Lab 9-10/Lab 9-10.xpr}
Scanning sources...
Finished scanning sources
INFO: [IP_Flow 19-234] Refreshing IP repositories
INFO: [IP_Flow 19-1704] No user IP repositories specified
INFO: [IP_Flow 19-2313] Loaded Vivado IP repository 'C:/Xilinx/Vivado/2018.2/data/ip'.
open_project: Time (s): cpu = 00:00:08 ; elapsed = 00:00:07 . Memory (MB): peak = 900.441 ; gain = 157.004
update_compile_order -fileset sources_1
set_property top NanoProcessor [current_fileset]
update_compile_order -fileset sources_1
set_property top Processor_TB [get_filesets sim_1]
set_property top_lib xil_defaultlib [get_filesets sim_1]
update_compile_order -fileset sim_1
exit
INFO: [Common 17-206] Exiting Vivado at Sun Jun 11 21:12:13 2023...
